[0.043s] Invoking command in '/home/adri/magang2_ws/vtol/build/vtol': CMAKE_PREFIX_PATH=/opt/ros/humble /usr/bin/cmake /home/adri/magang2_ws/vtol -DCMAKE_INSTALL_PREFIX=/home/adri/magang2_ws/vtol/install/vtol
[0.223s] -- The C compiler identification is GNU 11.4.0
[0.361s] -- The CXX compiler identification is GNU 11.4.0
[0.375s] -- Detecting C compiler ABI info
[0.569s] -- Detecting C compiler ABI info - done
[0.580s] -- Check for working C compiler: /usr/bin/cc - skipped
[0.581s] -- Detecting C compile features
[0.581s] -- Detecting C compile features - done
[0.585s] -- Detecting CXX compiler ABI info
[0.770s] -- Detecting CXX compiler ABI info - done
[0.786s] -- Check for working CXX compiler: /usr/bin/c++ - skipped
[0.787s] -- Detecting CXX compile features
[0.788s] -- Detecting CXX compile features - done
[0.801s] -- Found ament_cmake: 1.3.12 (/opt/ros/humble/share/ament_cmake/cmake)
[1.166s] -- Found Python3: /usr/bin/python3 (found version "3.10.12") found components: Interpreter 
[1.501s] -- Found rclcpp: 16.0.17 (/opt/ros/humble/share/rclcpp/cmake)
[1.712s] -- Found rosidl_generator_c: 3.1.8 (/opt/ros/humble/share/rosidl_generator_c/cmake)
[1.727s] -- Found rosidl_adapter: 3.1.8 (/opt/ros/humble/share/rosidl_adapter/cmake)
[1.771s] -- Found rosidl_generator_cpp: 3.1.8 (/opt/ros/humble/share/rosidl_generator_cpp/cmake)
[1.824s] -- Using all available rosidl_typesupport_c: rosidl_typesupport_fastrtps_c;rosidl_typesupport_introspection_c
[1.881s] -- Using all available rosidl_typesupport_cpp: rosidl_typesupport_fastrtps_cpp;rosidl_typesupport_introspection_cpp
[2.033s] -- Found rmw_implementation_cmake: 6.1.2 (/opt/ros/humble/share/rmw_implementation_cmake/cmake)
[2.044s] -- Found rmw_fastrtps_cpp: 6.2.9 (/opt/ros/humble/share/rmw_fastrtps_cpp/cmake)
[2.309s] -- Found OpenSSL: /usr/lib/x86_64-linux-gnu/libcrypto.so (found version "3.0.2")  
[2.355s] -- Found FastRTPS: /opt/ros/humble/include  
[2.416s] -- Using RMW implementation 'rmw_fastrtps_cpp' as default
[2.458s] -- Looking for pthread.h
[2.668s] -- Looking for pthread.h - found
[2.668s] -- Performing Test CMAKE_HAVE_LIBC_PTHREAD
[2.869s] -- Performing Test CMAKE_HAVE_LIBC_PTHREAD - Success
[2.870s] -- Found Threads: TRUE  
[3.093s] -- Found ament_lint_auto: 0.12.14 (/opt/ros/humble/share/ament_lint_auto/cmake)
[3.311s] -- Added test 'cppcheck' to perform static code analysis on C / C++ code
[3.311s] -- Configured cppcheck include dirs: 
[3.311s] -- Configured cppcheck exclude dirs and/or files: 
[3.316s] -- Added test 'lint_cmake' to check CMake code style
[3.324s] -- Added test 'uncrustify' to check C / C++ code style
[3.325s] -- Configured uncrustify additional arguments: 
[3.329s] -- Added test 'xmllint' to check XML markup files
[3.339s] -- Configuring done
[3.369s] -- Generating done
[3.369s] -- Build files have been written to: /home/adri/magang2_ws/vtol/build/vtol
[3.390s] Invoked command in '/home/adri/magang2_ws/vtol/build/vtol' returned '0': CMAKE_PREFIX_PATH=/opt/ros/humble /usr/bin/cmake /home/adri/magang2_ws/vtol -DCMAKE_INSTALL_PREFIX=/home/adri/magang2_ws/vtol/install/vtol
[3.391s] Invoking command in '/home/adri/magang2_ws/vtol/build/vtol': CMAKE_PREFIX_PATH=/opt/ros/humble /usr/bin/cmake --build /home/adri/magang2_ws/vtol/build/vtol -- -j4 -l4
[3.530s] [ 50%] [32mBuilding CXX object CMakeFiles/publisher_node.dir/src/publisher.cpp.o[0m
[10.341s] [01m[K/home/adri/magang2_ws/vtol/src/publisher.cpp:34:38:[m[K [01;31m[Kerror: [m[Kâ€˜[01m[Kint32[m[Kâ€™ is not a member of â€˜[01m[Kstd_msgs::msg[m[Kâ€™; did you mean â€˜[01m[KInt32[m[Kâ€™?
[10.341s]    34 |     rclcpp::Publisher<std_msgs::msg::[01;31m[Kint32[m[K>::SharedPtr publisher_;
[10.341s]       |                                      [01;31m[K^~~~~[m[K
[10.341s]       |                                      [32m[KInt32[m[K
[10.341s] [01m[K/home/adri/magang2_ws/vtol/src/publisher.cpp:34:43:[m[K [01;31m[Kerror: [m[Ktemplate argument 1 is invalid
[10.341s]    34 |     rclcpp::Publisher<std_msgs::msg::int32[01;31m[K>[m[K::SharedPtr publisher_;
[10.342s]       |                                           [01;31m[K^[m[K
[10.342s] [01m[K/home/adri/magang2_ws/vtol/src/publisher.cpp:34:46:[m[K [01;31m[Kerror: [m[Kexpected â€˜[01m[K;[m[Kâ€™ at end of member declaration
[10.342s]    34 |     rclcpp::Publisher<std_msgs::msg::int32>::[01;31m[KSharedPtr[m[K publisher_;
[10.342s]       |                                              [01;31m[K^~~~~~~~~[m[K
[10.342s]       |                                                       [32m[K;[m[K
[10.345s] [01m[K/home/adri/magang2_ws/vtol/src/publisher.cpp:34:56:[m[K [01;31m[Kerror: [m[Kâ€˜[01m[Kpublisher_[m[Kâ€™ does not name a type; did you mean â€˜[01m[Krmw_publisher_t[m[Kâ€™?
[10.345s]    34 |     rclcpp::Publisher<std_msgs::msg::int32>::SharedPtr [01;31m[Kpublisher_[m[K;
[10.345s]       |                                                        [01;31m[K^~~~~~~~~~[m[K
[10.346s]       |                                                        [32m[Krmw_publisher_t[m[K
[10.354s] [01m[K/home/adri/magang2_ws/vtol/src/publisher.cpp:[m[K In constructor â€˜[01m[KDronePublisher::DronePublisher()[m[Kâ€™:
[10.355s] [01m[K/home/adri/magang2_ws/vtol/src/publisher.cpp:20:7:[m[K [01;31m[Kerror: [m[Kâ€˜[01m[Kpublisher_[m[Kâ€™ was not declared in this scope; did you mean â€˜[01m[Krmw_publisher_t[m[Kâ€™?
[10.355s]    20 |       [01;31m[Kpublisher_[m[K = this->create_publisher<std_msgs::msg::int32>("topic", 10);
[10.355s]       |       [01;31m[K^~~~~~~~~~[m[K
[10.355s]       |       [32m[Krmw_publisher_t[m[K
[10.355s] [01m[K/home/adri/magang2_ws/vtol/src/publisher.cpp:20:58:[m[K [01;31m[Kerror: [m[Kâ€˜[01m[Kint32[m[Kâ€™ is not a member of â€˜[01m[Kstd_msgs::msg[m[Kâ€™; did you mean â€˜[01m[KInt32[m[Kâ€™?
[10.355s]    20 |       publisher_ = this->create_publisher<std_msgs::msg::[01;31m[Kint32[m[K>("topic", 10);
[10.355s]       |                                                          [01;31m[K^~~~~[m[K
[10.355s]       |                                                          [32m[KInt32[m[K
[10.355s] [01m[K/home/adri/magang2_ws/vtol/src/publisher.cpp:20:64:[m[K [01;31m[Kerror: [m[Kno matching function for call to â€˜[01m[KDronePublisher::create_publisher<<expression error> >(const char [6], int)[m[Kâ€™
[10.356s]    20 |    publisher_ = [01;31m[Kthis->create_publisher<std_msgs::msg::int32>("topic", 10)[m[K;
[10.356s]       |                 [01;31m[K~~~~~~~~~~~~~~~~~~~~~~~~~~~~~~~~~~~~~~~~~~~~^~~~~~~~~~~~~[m[K
[10.356s] 
[10.357s] In file included from [01m[K/opt/ros/humble/include/rclcpp/rclcpp/executors/single_threaded_executor.hpp:28[m[K,
[10.357s]                  from [01m[K/opt/ros/humble/include/rclcpp/rclcpp/executors.hpp:22[m[K,
[10.357s]                  from [01m[K/opt/ros/humble/include/rclcpp/rclcpp/rclcpp.hpp:155[m[K,
[10.357s]                  from [01m[K/home/adri/magang2_ws/vtol/src/publisher.cpp:6[m[K:
[10.357s] [01m[K/opt/ros/humble/include/rclcpp/rclcpp/node.hpp:195:3:[m[K [01;36m[Knote: [m[Kcandidate: â€˜[01m[Ktemplate<class MessageT, class AllocatorT, class PublisherT> std::shared_ptr<PublisherT> rclcpp::Node::create_publisher(const string&, const rclcpp::QoS&, const rclcpp::PublisherOptionsWithAllocator<AllocatorT>&)[m[Kâ€™
[10.357s]   195 |   [01;36m[Kcreate_publisher[m[K(
[10.357s]       |   [01;36m[K^~~~~~~~~~~~~~~~[m[K
[10.357s] [01m[K/opt/ros/humble/include/rclcpp/rclcpp/node.hpp:195:3:[m[K [01;36m[Knote: [m[K  template argument deduction/substitution failed:
[10.357s] [01m[K/home/adri/magang2_ws/vtol/src/publisher.cpp:20:64:[m[K [01;31m[Kerror: [m[Ktemplate argument 1 is invalid
[10.357s]    20 |    publisher_ = [01;31m[Kthis->create_publisher<std_msgs::msg::int32>("topic", 10)[m[K;
[10.357s]       |                 [01;31m[K~~~~~~~~~~~~~~~~~~~~~~~~~~~~~~~~~~~~~~~~~~~~^~~~~~~~~~~~~[m[K
[10.357s] 
[10.379s] [01m[K/home/adri/magang2_ws/vtol/src/publisher.cpp:[m[K In member function â€˜[01m[Kvoid DronePublisher::timer_callback()[m[Kâ€™:
[10.379s] [01m[K/home/adri/magang2_ws/vtol/src/publisher.cpp:28:37:[m[K [01;31m[Kerror: [m[Kâ€˜[01m[Kint32[m[Kâ€™ is not a member of â€˜[01m[Kstd_msgs::msg[m[Kâ€™; did you mean â€˜[01m[KInt32[m[Kâ€™?
[10.379s]    28 |       auto message = std_msgs::msg::[01;31m[Kint32[m[K();
[10.379s]       |                                     [01;31m[K^~~~~[m[K
[10.379s]       |                                     [32m[KInt32[m[K
[10.388s] [01m[K/home/adri/magang2_ws/vtol/src/publisher.cpp:31:7:[m[K [01;31m[Kerror: [m[Kâ€˜[01m[Kpublisher_[m[Kâ€™ was not declared in this scope; did you mean â€˜[01m[Krmw_publisher_t[m[Kâ€™?
[10.388s]    31 |       [01;31m[Kpublisher_[m[K->publish(message);
[10.388s]       |       [01;31m[K^~~~~~~~~~[m[K
[10.388s]       |       [32m[Krmw_publisher_t[m[K
[11.371s] gmake[2]: *** [CMakeFiles/publisher_node.dir/build.make:76: CMakeFiles/publisher_node.dir/src/publisher.cpp.o] Error 1
[11.372s] gmake[1]: *** [CMakeFiles/Makefile2:137: CMakeFiles/publisher_node.dir/all] Error 2
[11.372s] gmake: *** [Makefile:146: all] Error 2
[11.380s] Invoked command in '/home/adri/magang2_ws/vtol/build/vtol' returned '2': CMAKE_PREFIX_PATH=/opt/ros/humble /usr/bin/cmake --build /home/adri/magang2_ws/vtol/build/vtol -- -j4 -l4
