[0.030s] Invoking command in '/home/adri/magang2_ws/vtol/build/vtol': CMAKE_PREFIX_PATH=/opt/ros/humble /usr/bin/cmake --build /home/adri/magang2_ws/vtol/build/vtol -- -j4 -l4
[0.117s] [35m[1mConsolidate compiler generated dependencies of target publisher_node[0m
[0.149s] [ 50%] [32mBuilding CXX object CMakeFiles/publisher_node.dir/src/publisher.cpp.o[0m
[4.019s] [01m[K/home/adri/magang2_ws/vtol/src/publisher.cpp:34:38:[m[K [01;31m[Kerror: [m[Kâ€˜[01m[Kint32[m[Kâ€™ is not a member of â€˜[01m[Kstd_msgs::msg[m[Kâ€™; did you mean â€˜[01m[KInt32[m[Kâ€™?
[4.019s]    34 |     rclcpp::Publisher<std_msgs::msg::[01;31m[Kint32[m[K>::SharedPtr publisher_;
[4.019s]       |                                      [01;31m[K^~~~~[m[K
[4.019s]       |                                      [32m[KInt32[m[K
[4.019s] [01m[K/home/adri/magang2_ws/vtol/src/publisher.cpp:34:43:[m[K [01;31m[Kerror: [m[Ktemplate argument 1 is invalid
[4.019s]    34 |     rclcpp::Publisher<std_msgs::msg::int32[01;31m[K>[m[K::SharedPtr publisher_;
[4.019s]       |                                           [01;31m[K^[m[K
[4.019s] [01m[K/home/adri/magang2_ws/vtol/src/publisher.cpp:34:46:[m[K [01;31m[Kerror: [m[Kexpected â€˜[01m[K;[m[Kâ€™ at end of member declaration
[4.019s]    34 |     rclcpp::Publisher<std_msgs::msg::int32>::[01;31m[KSharedPtr[m[K publisher_;
[4.019s]       |                                              [01;31m[K^~~~~~~~~[m[K
[4.019s]       |                                                       [32m[K;[m[K
[4.024s] [01m[K/home/adri/magang2_ws/vtol/src/publisher.cpp:34:56:[m[K [01;31m[Kerror: [m[Kâ€˜[01m[Kpublisher_[m[Kâ€™ does not name a type; did you mean â€˜[01m[Krmw_publisher_t[m[Kâ€™?
[4.024s]    34 |     rclcpp::Publisher<std_msgs::msg::int32>::SharedPtr [01;31m[Kpublisher_[m[K;
[4.025s]       |                                                        [01;31m[K^~~~~~~~~~[m[K
[4.025s]       |                                                        [32m[Krmw_publisher_t[m[K
[4.034s] [01m[K/home/adri/magang2_ws/vtol/src/publisher.cpp:[m[K In constructor â€˜[01m[KDronePublisher::DronePublisher()[m[Kâ€™:
[4.035s] [01m[K/home/adri/magang2_ws/vtol/src/publisher.cpp:20:7:[m[K [01;31m[Kerror: [m[Kâ€˜[01m[Kpublisher_[m[Kâ€™ was not declared in this scope; did you mean â€˜[01m[Krmw_publisher_t[m[Kâ€™?
[4.035s]    20 |       [01;31m[Kpublisher_[m[K = this->create_publisher<std_msgs::msg::int32>("topic", 10);
[4.035s]       |       [01;31m[K^~~~~~~~~~[m[K
[4.035s]       |       [32m[Krmw_publisher_t[m[K
[4.035s] [01m[K/home/adri/magang2_ws/vtol/src/publisher.cpp:20:58:[m[K [01;31m[Kerror: [m[Kâ€˜[01m[Kint32[m[Kâ€™ is not a member of â€˜[01m[Kstd_msgs::msg[m[Kâ€™; did you mean â€˜[01m[KInt32[m[Kâ€™?
[4.035s]    20 |       publisher_ = this->create_publisher<std_msgs::msg::[01;31m[Kint32[m[K>("topic", 10);
[4.039s]       |                                                          [01;31m[K^~~~~[m[K
[4.040s]       |                                                          [32m[KInt32[m[K
[4.040s] [01m[K/home/adri/magang2_ws/vtol/src/publisher.cpp:20:64:[m[K [01;31m[Kerror: [m[Kno matching function for call to â€˜[01m[KDronePublisher::create_publisher<<expression error> >(const char [6], int)[m[Kâ€™
[4.040s]    20 |    publisher_ = [01;31m[Kthis->create_publisher<std_msgs::msg::int32>("topic", 10)[m[K;
[4.041s]       |                 [01;31m[K~~~~~~~~~~~~~~~~~~~~~~~~~~~~~~~~~~~~~~~~~~~~^~~~~~~~~~~~~[m[K
[4.041s] 
[4.045s] In file included from [01m[K/opt/ros/humble/include/rclcpp/rclcpp/executors/single_threaded_executor.hpp:28[m[K,
[4.045s]                  from [01m[K/opt/ros/humble/include/rclcpp/rclcpp/executors.hpp:22[m[K,
[4.045s]                  from [01m[K/opt/ros/humble/include/rclcpp/rclcpp/rclcpp.hpp:155[m[K,
[4.045s]                  from [01m[K/home/adri/magang2_ws/vtol/src/publisher.cpp:6[m[K:
[4.046s] [01m[K/opt/ros/humble/include/rclcpp/rclcpp/node.hpp:195:3:[m[K [01;36m[Knote: [m[Kcandidate: â€˜[01m[Ktemplate<class MessageT, class AllocatorT, class PublisherT> std::shared_ptr<PublisherT> rclcpp::Node::create_publisher(const string&, const rclcpp::QoS&, const rclcpp::PublisherOptionsWithAllocator<AllocatorT>&)[m[Kâ€™
[4.046s]   195 |   [01;36m[Kcreate_publisher[m[K(
[4.046s]       |   [01;36m[K^~~~~~~~~~~~~~~~[m[K
[4.046s] [01m[K/opt/ros/humble/include/rclcpp/rclcpp/node.hpp:195:3:[m[K [01;36m[Knote: [m[K  template argument deduction/substitution failed:
[4.046s] [01m[K/home/adri/magang2_ws/vtol/src/publisher.cpp:20:64:[m[K [01;31m[Kerror: [m[Ktemplate argument 1 is invalid
[4.046s]    20 |    publisher_ = [01;31m[Kthis->create_publisher<std_msgs::msg::int32>("topic", 10)[m[K;
[4.046s]       |                 [01;31m[K~~~~~~~~~~~~~~~~~~~~~~~~~~~~~~~~~~~~~~~~~~~~^~~~~~~~~~~~~[m[K
[4.046s] 
[4.054s] [01m[K/home/adri/magang2_ws/vtol/src/publisher.cpp:[m[K In member function â€˜[01m[Kvoid DronePublisher::timer_callback()[m[Kâ€™:
[4.054s] [01m[K/home/adri/magang2_ws/vtol/src/publisher.cpp:28:37:[m[K [01;31m[Kerror: [m[Kâ€˜[01m[Kint32[m[Kâ€™ is not a member of â€˜[01m[Kstd_msgs::msg[m[Kâ€™; did you mean â€˜[01m[KInt32[m[Kâ€™?
[4.054s]    28 |       auto message = std_msgs::msg::[01;31m[Kint32[m[K();
[4.054s]       |                                     [01;31m[K^~~~~[m[K
[4.055s]       |                                     [32m[KInt32[m[K
[4.064s] [01m[K/home/adri/magang2_ws/vtol/src/publisher.cpp:31:7:[m[K [01;31m[Kerror: [m[Kâ€˜[01m[Kpublisher_[m[Kâ€™ was not declared in this scope; did you mean â€˜[01m[Krmw_publisher_t[m[Kâ€™?
[4.064s]    31 |       [01;31m[Kpublisher_[m[K->publish(message);
[4.064s]       |       [01;31m[K^~~~~~~~~~[m[K
[4.064s]       |       [32m[Krmw_publisher_t[m[K
[4.877s] gmake[2]: *** [CMakeFiles/publisher_node.dir/build.make:76: CMakeFiles/publisher_node.dir/src/publisher.cpp.o] Error 1
[4.879s] gmake[1]: *** [CMakeFiles/Makefile2:137: CMakeFiles/publisher_node.dir/all] Error 2
[4.879s] gmake: *** [Makefile:146: all] Error 2
[4.890s] Invoked command in '/home/adri/magang2_ws/vtol/build/vtol' returned '2': CMAKE_PREFIX_PATH=/opt/ros/humble /usr/bin/cmake --build /home/adri/magang2_ws/vtol/build/vtol -- -j4 -l4
