[35m[1mConsolidate compiler generated dependencies of target suscriber_node[0m
[ 25%] [32mBuilding CXX object CMakeFiles/suscriber_node.dir/src/suscriber.cpp.o[0m
[ 75%] Built target publisher_node
[01m[K/home/adri/magang2_ws/src/vtol/src/suscriber.cpp:[m[K In member function â€˜[01m[Kvoid DroneSuscriber::topic_callback(const Int32&) const[m[Kâ€™:
[01m[K/home/adri/magang2_ws/src/vtol/src/suscriber.cpp:25:5:[m[K [01;31m[Kerror: [m[Kincrement of member â€˜[01m[KDroneSuscriber::event[m[Kâ€™ in read-only object
   25 |     [01;31m[Kevent[m[K++;
      |     [01;31m[K^~~~~[m[K
gmake[2]: *** [CMakeFiles/suscriber_node.dir/build.make:76: CMakeFiles/suscriber_node.dir/src/suscriber.cpp.o] Error 1
gmake[1]: *** [CMakeFiles/Makefile2:165: CMakeFiles/suscriber_node.dir/all] Error 2
gmake: *** [Makefile:146: all] Error 2
