[0.035s] Invoking command in '/home/adri/magang2_ws/build/vtol': CMAKE_PREFIX_PATH=${CMAKE_PREFIX_PATH}:/opt/ros/humble /usr/bin/cmake --build /home/adri/magang2_ws/build/vtol -- -j4 -l4
[0.116s] [35m[1mConsolidate compiler generated dependencies of target suscriber_node[0m
[0.140s] [ 25%] [32mBuilding CXX object CMakeFiles/suscriber_node.dir/src/suscriber.cpp.o[0m
[0.157s] [ 75%] Built target publisher_node
[2.670s] [01m[K/home/adri/magang2_ws/src/vtol/src/suscriber.cpp:[m[K In member function â€˜[01m[Kvoid DroneSuscriber::topic_callback(const Int32&) const[m[Kâ€™:
[2.670s] [01m[K/home/adri/magang2_ws/src/vtol/src/suscriber.cpp:25:5:[m[K [01;31m[Kerror: [m[Kincrement of member â€˜[01m[KDroneSuscriber::event[m[Kâ€™ in read-only object
[2.670s]    25 |     [01;31m[Kevent[m[K++;
[2.670s]       |     [01;31m[K^~~~~[m[K
[5.945s] gmake[2]: *** [CMakeFiles/suscriber_node.dir/build.make:76: CMakeFiles/suscriber_node.dir/src/suscriber.cpp.o] Error 1
[5.946s] gmake[1]: *** [CMakeFiles/Makefile2:165: CMakeFiles/suscriber_node.dir/all] Error 2
[5.946s] gmake: *** [Makefile:146: all] Error 2
[5.950s] Invoked command in '/home/adri/magang2_ws/build/vtol' returned '2': CMAKE_PREFIX_PATH=${CMAKE_PREFIX_PATH}:/opt/ros/humble /usr/bin/cmake --build /home/adri/magang2_ws/build/vtol -- -j4 -l4
