[0.033s] Invoking command in '/home/adri/magang2_ws/build/vtol': CMAKE_PREFIX_PATH=/opt/ros/humble /usr/bin/cmake --build /home/adri/magang2_ws/build/vtol -- -j4 -l4
[0.193s] [35m[1mConsolidate compiler generated dependencies of target suscriber_node[0m
[0.289s] [ 25%] [32mBuilding CXX object CMakeFiles/publisher_node.dir/src/publisher.cpp.o[0m
[0.291s] [ 50%] [32mBuilding CXX object CMakeFiles/suscriber_node.dir/src/suscriber.cpp.o[0m
[4.460s] In file included from [01m[K/opt/ros/humble/include/rclcpp/rclcpp/logging.hpp:24[m[K,
[4.460s]                  from [01m[K/opt/ros/humble/include/rclcpp/rclcpp/client.hpp:40[m[K,
[4.460s]                  from [01m[K/opt/ros/humble/include/rclcpp/rclcpp/callback_group.hpp:24[m[K,
[4.460s]                  from [01m[K/opt/ros/humble/include/rclcpp/rclcpp/any_executable.hpp:20[m[K,
[4.460s]                  from [01m[K/opt/ros/humble/include/rclcpp/rclcpp/memory_strategy.hpp:25[m[K,
[4.460s]                  from [01m[K/opt/ros/humble/include/rclcpp/rclcpp/memory_strategies.hpp:18[m[K,
[4.460s]                  from [01m[K/opt/ros/humble/include/rclcpp/rclcpp/executor_options.hpp:20[m[K,
[4.460s]                  from [01m[K/opt/ros/humble/include/rclcpp/rclcpp/executor.hpp:37[m[K,
[4.460s]                  from [01m[K/opt/ros/humble/include/rclcpp/rclcpp/executors/multi_threaded_executor.hpp:25[m[K,
[4.460s]                  from [01m[K/opt/ros/humble/include/rclcpp/rclcpp/executors.hpp:21[m[K,
[4.460s]                  from [01m[K/opt/ros/humble/include/rclcpp/rclcpp/rclcpp.hpp:155[m[K,
[4.460s]                  from [01m[K/home/adri/magang2_ws/src/vtol/src/suscriber.cpp:3[m[K:
[4.461s] [01m[K/home/adri/magang2_ws/src/vtol/src/suscriber.cpp:[m[K In member function â€˜[01m[Kvoid DroneSuscriber::topic_callback(const Int32&) const[m[Kâ€™:
[4.461s] [01m[K/home/adri/magang2_ws/src/vtol/src/suscriber.cpp:26:73:[m[K [01;31m[Kerror: [m[Kâ€˜[01m[Kpalindrom[m[Kâ€™ was not declared in this scope
[4.461s]    26 |     RCLCPP_INFO(this->get_logger(), "%d paliodrom, event = %d", number, [01;31m[Kpalindrom[m[K);
[4.461s]       |                                                                         [01;31m[K^~~~~~~~~[m[K
[7.296s] [ 75%] [32m[1mLinking CXX executable publisher_node[0m
[7.839s] [ 75%] Built target publisher_node
[8.147s] gmake[2]: *** [CMakeFiles/suscriber_node.dir/build.make:76: CMakeFiles/suscriber_node.dir/src/suscriber.cpp.o] Error 1
[8.147s] gmake[1]: *** [CMakeFiles/Makefile2:165: CMakeFiles/suscriber_node.dir/all] Error 2
[8.148s] gmake: *** [Makefile:146: all] Error 2
[8.152s] Invoked command in '/home/adri/magang2_ws/build/vtol' returned '2': CMAKE_PREFIX_PATH=/opt/ros/humble /usr/bin/cmake --build /home/adri/magang2_ws/build/vtol -- -j4 -l4
