[0.043s] Invoking command in '/home/adri/magang2_ws/build/vtol': CMAKE_PREFIX_PATH=${CMAKE_PREFIX_PATH}:/opt/ros/humble /usr/bin/cmake --build /home/adri/magang2_ws/build/vtol -- -j4 -l4
[0.332s] [ 33%] Built target publisher_node
[0.354s] [ 66%] Built target service_node
[0.397s] [ 83%] [32mBuilding CXX object CMakeFiles/suscriber_node.dir/src/suscriber.cpp.o[0m
[0.703s] In file included from [01m[K/home/adri/magang2_ws/src/vtol/src/suscriber.cpp:5[m[K:
[0.707s] [01m[K/home/adri/magang2_ws/src/vtol/src/./service.cpp:3:10:[m[K [01;31m[Kfatal error: [m[Kstd_srvs/srv/trigger.hpp: No such file or directory
[0.708s]     3 | #include [01;31m[K"std_srvs/srv/trigger.hpp"[m[K
[0.708s]       |          [01;31m[K^~~~~~~~~~~~~~~~~~~~~~~~~~[m[K
[0.708s] compilation terminated.
[0.713s] gmake[2]: *** [CMakeFiles/suscriber_node.dir/build.make:76: CMakeFiles/suscriber_node.dir/src/suscriber.cpp.o] Error 1
[0.713s] gmake[1]: *** [CMakeFiles/Makefile2:167: CMakeFiles/suscriber_node.dir/all] Error 2
[0.713s] gmake: *** [Makefile:146: all] Error 2
[0.719s] Invoked command in '/home/adri/magang2_ws/build/vtol' returned '2': CMAKE_PREFIX_PATH=${CMAKE_PREFIX_PATH}:/opt/ros/humble /usr/bin/cmake --build /home/adri/magang2_ws/build/vtol -- -j4 -l4
