[0.000000] (-) TimerEvent: {}
[0.001551] (vtol) JobQueued: {'identifier': 'vtol', 'dependencies': OrderedDict()}
[0.003605] (vtol) JobStarted: {'identifier': 'vtol'}
[0.024392] (vtol) JobProgress: {'identifier': 'vtol', 'progress': 'cmake'}
[0.032110] (vtol) JobProgress: {'identifier': 'vtol', 'progress': 'build'}
[0.032322] (vtol) Command: {'cmd': ['/usr/bin/cmake', '--build', '/home/adri/magang2_ws/vtol/build/vtol', '--', '-j4', '-l4'], 'cwd': '/home/adri/magang2_ws/vtol/build/vtol', 'env': OrderedDict([('LESSOPEN', '| /usr/bin/lesspipe %s'), ('USER', 'adri'), ('LC_TIME', 'id_ID.UTF-8'), ('XDG_SESSION_TYPE', 'wayland'), ('SHLVL', '1'), ('LD_LIBRARY_PATH', '/opt/ros/humble/opt/rviz_ogre_vendor/lib:/opt/ros/humble/lib/x86_64-linux-gnu:/opt/ros/humble/lib'), ('HOME', '/home/adri'), ('OLDPWD', '/home/adri/magang2_ws'), ('DESKTOP_SESSION', 'ubuntu'), ('ROS_PYTHON_VERSION', '3'), ('GNOME_SHELL_SESSION_MODE', 'ubuntu'), ('GTK_MODULES', 'gail:atk-bridge'), ('LC_MONETARY', 'id_ID.UTF-8'), ('SYSTEMD_EXEC_PID', '2988'), ('DBUS_SESSION_BUS_ADDRESS', 'unix:path=/run/user/1000/bus'), ('COLORTERM', 'truecolor'), ('IM_CONFIG_PHASE', '1'), ('WAYLAND_DISPLAY', 'wayland-0'), ('ROS_DISTRO', 'humble'), ('LOGNAME', 'adri'), ('_', '/usr/bin/colcon'), ('ROS_VERSION', '2'), ('XDG_SESSION_CLASS', 'user'), ('USERNAME', 'adri'), ('TERM', 'xterm-256color'), ('GNOME_DESKTOP_SESSION_ID', 'this-is-deprecated'), ('ROS_LOCALHOST_ONLY', '0'), ('PATH', '/opt/ros/humble/bin:/usr/local/sbin:/usr/local/bin:/usr/sbin:/usr/bin:/sbin:/bin:/usr/games:/usr/local/games:/snap/bin:/snap/bin'), ('SESSION_MANAGER', 'local/adri-VirtualBox:@/tmp/.ICE-unix/2955,unix/adri-VirtualBox:/tmp/.ICE-unix/2955'), ('XDG_MENU_PREFIX', 'gnome-'), ('LC_ADDRESS', 'id_ID.UTF-8'), ('GNOME_TERMINAL_SCREEN', '/org/gnome/Terminal/screen/de9930a7_09b4_43a7_9678_7f69326123fa'), ('GNOME_SETUP_DISPLAY', ':1'), ('XDG_RUNTIME_DIR', '/run/user/1000'), ('DISPLAY', ':0'), ('LANG', 'en_US.UTF-8'), ('XDG_CURRENT_DESKTOP', 'ubuntu:GNOME'), ('LC_TELEPHONE', 'id_ID.UTF-8'), ('XMODIFIERS', '@im=ibus'), ('XDG_SESSION_DESKTOP', 'ubuntu'), ('XAUTHORITY', '/run/user/1000/.mutter-Xwaylandauth.OL0CK3'), ('LS_COLORS', 'rs=0:di=01;34:ln=01;36:mh=00:pi=40;33:so=01;35:do=01;35:bd=40;33;01:cd=40;33;01:or=40;31;01:mi=00:su=37;41:sg=30;43:ca=30;41:tw=30;42:ow=34;42:st=37;44:ex=01;32:*.tar=01;31:*.tgz=01;31:*.arc=01;31:*.arj=01;31:*.taz=01;31:*.lha=01;31:*.lz4=01;31:*.lzh=01;31:*.lzma=01;31:*.tlz=01;31:*.txz=01;31:*.tzo=01;31:*.t7z=01;31:*.zip=01;31:*.z=01;31:*.dz=01;31:*.gz=01;31:*.lrz=01;31:*.lz=01;31:*.lzo=01;31:*.xz=01;31:*.zst=01;31:*.tzst=01;31:*.bz2=01;31:*.bz=01;31:*.tbz=01;31:*.tbz2=01;31:*.tz=01;31:*.deb=01;31:*.rpm=01;31:*.jar=01;31:*.war=01;31:*.ear=01;31:*.sar=01;31:*.rar=01;31:*.alz=01;31:*.ace=01;31:*.zoo=01;31:*.cpio=01;31:*.7z=01;31:*.rz=01;31:*.cab=01;31:*.wim=01;31:*.swm=01;31:*.dwm=01;31:*.esd=01;31:*.jpg=01;35:*.jpeg=01;35:*.mjpg=01;35:*.mjpeg=01;35:*.gif=01;35:*.bmp=01;35:*.pbm=01;35:*.pgm=01;35:*.ppm=01;35:*.tga=01;35:*.xbm=01;35:*.xpm=01;35:*.tif=01;35:*.tiff=01;35:*.png=01;35:*.svg=01;35:*.svgz=01;35:*.mng=01;35:*.pcx=01;35:*.mov=01;35:*.mpg=01;35:*.mpeg=01;35:*.m2v=01;35:*.mkv=01;35:*.webm=01;35:*.webp=01;35:*.ogm=01;35:*.mp4=01;35:*.m4v=01;35:*.mp4v=01;35:*.vob=01;35:*.qt=01;35:*.nuv=01;35:*.wmv=01;35:*.asf=01;35:*.rm=01;35:*.rmvb=01;35:*.flc=01;35:*.avi=01;35:*.fli=01;35:*.flv=01;35:*.gl=01;35:*.dl=01;35:*.xcf=01;35:*.xwd=01;35:*.yuv=01;35:*.cgm=01;35:*.emf=01;35:*.ogv=01;35:*.ogx=01;35:*.aac=00;36:*.au=00;36:*.flac=00;36:*.m4a=00;36:*.mid=00;36:*.midi=00;36:*.mka=00;36:*.mp3=00;36:*.mpc=00;36:*.ogg=00;36:*.ra=00;36:*.wav=00;36:*.oga=00;36:*.opus=00;36:*.spx=00;36:*.xspf=00;36:'), ('GNOME_TERMINAL_SERVICE', ':1.100'), ('SSH_AGENT_LAUNCHER', 'gnome-keyring'), ('SSH_AUTH_SOCK', '/run/user/1000/keyring/ssh'), ('AMENT_PREFIX_PATH', '/opt/ros/humble'), ('SHELL', '/bin/bash'), ('LC_NAME', 'id_ID.UTF-8'), ('QT_ACCESSIBILITY', '1'), ('GDMSESSION', 'ubuntu'), ('LESSCLOSE', '/usr/bin/lesspipe %s %s'), ('LC_MEASUREMENT', 'id_ID.UTF-8'), ('LC_IDENTIFICATION', 'id_ID.UTF-8'), ('QT_IM_MODULE', 'ibus'), ('PWD', '/home/adri/magang2_ws/vtol/build/vtol'), ('LC_ALL', 'en_US.UTF-8'), ('XDG_CONFIG_DIRS', '/etc/xdg/xdg-ubuntu:/etc/xdg'), ('XDG_DATA_DIRS', '/usr/share/ubuntu:/usr/local/share/:/usr/share/:/var/lib/snapd/desktop'), ('PYTHONPATH', '/opt/ros/humble/lib/python3.10/site-packages:/opt/ros/humble/local/lib/python3.10/dist-packages'), ('LC_NUMERIC', 'id_ID.UTF-8'), ('LC_PAPER', 'id_ID.UTF-8'), ('COLCON', '1'), ('VTE_VERSION', '6800'), ('CMAKE_PREFIX_PATH', '/opt/ros/humble')]), 'shell': False}
[0.105838] (-) TimerEvent: {}
[0.155344] (vtol) StdoutLine: {'line': b'\x1b[35m\x1b[1mConsolidate compiler generated dependencies of target publisher_node\x1b[0m\n'}
[0.206598] (-) TimerEvent: {}
[0.219167] (vtol) StdoutLine: {'line': b'[ 50%] \x1b[32mBuilding CXX object CMakeFiles/publisher_node.dir/src/publisher.cpp.o\x1b[0m\n'}
[0.306938] (-) TimerEvent: {}
[0.963429] (-) TimerEvent: {}
[1.099975] (-) TimerEvent: {}
[1.201074] (-) TimerEvent: {}
[1.960559] (-) TimerEvent: {}
[2.068576] (-) TimerEvent: {}
[2.194258] (-) TimerEvent: {}
[2.295769] (-) TimerEvent: {}
[2.397077] (-) TimerEvent: {}
[2.498894] (-) TimerEvent: {}
[2.605143] (-) TimerEvent: {}
[2.709903] (-) TimerEvent: {}
[2.812928] (-) TimerEvent: {}
[2.915160] (-) TimerEvent: {}
[3.016834] (-) TimerEvent: {}
[3.120010] (-) TimerEvent: {}
[3.223272] (-) TimerEvent: {}
[3.326150] (-) TimerEvent: {}
[3.428620] (-) TimerEvent: {}
[3.530183] (-) TimerEvent: {}
[3.633922] (-) TimerEvent: {}
[3.731059] (vtol) StderrLine: {'line': b'\x1b[01m\x1b[K/home/adri/magang2_ws/vtol/src/publisher.cpp:34:38:\x1b[m\x1b[K \x1b[01;31m\x1b[Kerror: \x1b[m\x1b[K\xe2\x80\x98\x1b[01m\x1b[Kint32\x1b[m\x1b[K\xe2\x80\x99 is not a member of \xe2\x80\x98\x1b[01m\x1b[Kstd_msgs::msg\x1b[m\x1b[K\xe2\x80\x99; did you mean \xe2\x80\x98\x1b[01m\x1b[KInt32\x1b[m\x1b[K\xe2\x80\x99?\n'}
[3.732107] (vtol) StderrLine: {'line': b'   34 |     rclcpp::Publisher<std_msgs::msg::\x1b[01;31m\x1b[Kint32\x1b[m\x1b[K>::SharedPtr publisher_;\n'}
[3.732629] (vtol) StderrLine: {'line': b'      |                                      \x1b[01;31m\x1b[K^~~~~\x1b[m\x1b[K\n'}
[3.732702] (vtol) StderrLine: {'line': b'      |                                      \x1b[32m\x1b[KInt32\x1b[m\x1b[K\n'}
[3.732755] (vtol) StderrLine: {'line': b'\x1b[01m\x1b[K/home/adri/magang2_ws/vtol/src/publisher.cpp:34:43:\x1b[m\x1b[K \x1b[01;31m\x1b[Kerror: \x1b[m\x1b[Ktemplate argument 1 is invalid\n'}
[3.732808] (vtol) StderrLine: {'line': b'   34 |     rclcpp::Publisher<std_msgs::msg::int32\x1b[01;31m\x1b[K>\x1b[m\x1b[K::SharedPtr publisher_;\n'}
[3.732854] (vtol) StderrLine: {'line': b'      |                                           \x1b[01;31m\x1b[K^\x1b[m\x1b[K\n'}
[3.732901] (vtol) StderrLine: {'line': b'\x1b[01m\x1b[K/home/adri/magang2_ws/vtol/src/publisher.cpp:34:46:\x1b[m\x1b[K \x1b[01;31m\x1b[Kerror: \x1b[m\x1b[Kexpected \xe2\x80\x98\x1b[01m\x1b[K;\x1b[m\x1b[K\xe2\x80\x99 at end of member declaration\n'}
[3.733189] (vtol) StderrLine: {'line': b'   34 |     rclcpp::Publisher<std_msgs::msg::int32>::\x1b[01;31m\x1b[KSharedPtr\x1b[m\x1b[K publisher_;\n'}
[3.733242] (vtol) StderrLine: {'line': b'      |                                              \x1b[01;31m\x1b[K^~~~~~~~~\x1b[m\x1b[K\n'}
[3.733287] (vtol) StderrLine: {'line': b'      |                                                       \x1b[32m\x1b[K;\x1b[m\x1b[K\n'}
[3.734577] (-) TimerEvent: {}
[3.736095] (vtol) StderrLine: {'line': b'\x1b[01m\x1b[K/home/adri/magang2_ws/vtol/src/publisher.cpp:34:56:\x1b[m\x1b[K \x1b[01;31m\x1b[Kerror: \x1b[m\x1b[K\xe2\x80\x98\x1b[01m\x1b[Kpublisher_\x1b[m\x1b[K\xe2\x80\x99 does not name a type; did you mean \xe2\x80\x98\x1b[01m\x1b[Krmw_publisher_t\x1b[m\x1b[K\xe2\x80\x99?\n'}
[3.736283] (vtol) StderrLine: {'line': b'   34 |     rclcpp::Publisher<std_msgs::msg::int32>::SharedPtr \x1b[01;31m\x1b[Kpublisher_\x1b[m\x1b[K;\n'}
[3.736338] (vtol) StderrLine: {'line': b'      |                                                        \x1b[01;31m\x1b[K^~~~~~~~~~\x1b[m\x1b[K\n'}
[3.736383] (vtol) StderrLine: {'line': b'      |                                                        \x1b[32m\x1b[Krmw_publisher_t\x1b[m\x1b[K\n'}
[3.744529] (vtol) StderrLine: {'line': b'\x1b[01m\x1b[K/home/adri/magang2_ws/vtol/src/publisher.cpp:\x1b[m\x1b[K In constructor \xe2\x80\x98\x1b[01m\x1b[KDronePublisher::DronePublisher()\x1b[m\x1b[K\xe2\x80\x99:\n'}
[3.745016] (vtol) StderrLine: {'line': b'\x1b[01m\x1b[K/home/adri/magang2_ws/vtol/src/publisher.cpp:20:7:\x1b[m\x1b[K \x1b[01;31m\x1b[Kerror: \x1b[m\x1b[K\xe2\x80\x98\x1b[01m\x1b[Kpublisher_\x1b[m\x1b[K\xe2\x80\x99 was not declared in this scope; did you mean \xe2\x80\x98\x1b[01m\x1b[Krmw_publisher_t\x1b[m\x1b[K\xe2\x80\x99?\n'}
[3.745116] (vtol) StderrLine: {'line': b'   20 |       \x1b[01;31m\x1b[Kpublisher_\x1b[m\x1b[K = this->create_publisher<std_msgs::msg::int32>("topic", 10);\n'}
[3.745559] (vtol) StderrLine: {'line': b'      |       \x1b[01;31m\x1b[K^~~~~~~~~~\x1b[m\x1b[K\n'}
[3.745980] (vtol) StderrLine: {'line': b'      |       \x1b[32m\x1b[Krmw_publisher_t\x1b[m\x1b[K\n'}
[3.746064] (vtol) StderrLine: {'line': b'\x1b[01m\x1b[K/home/adri/magang2_ws/vtol/src/publisher.cpp:20:58:\x1b[m\x1b[K \x1b[01;31m\x1b[Kerror: \x1b[m\x1b[K\xe2\x80\x98\x1b[01m\x1b[Kint32\x1b[m\x1b[K\xe2\x80\x99 is not a member of \xe2\x80\x98\x1b[01m\x1b[Kstd_msgs::msg\x1b[m\x1b[K\xe2\x80\x99; did you mean \xe2\x80\x98\x1b[01m\x1b[KInt32\x1b[m\x1b[K\xe2\x80\x99?\n'}
[3.746189] (vtol) StderrLine: {'line': b'   20 |       publisher_ = this->create_publisher<std_msgs::msg::\x1b[01;31m\x1b[Kint32\x1b[m\x1b[K>("topic", 10);\n'}
[3.746273] (vtol) StderrLine: {'line': b'      |                                                          \x1b[01;31m\x1b[K^~~~~\x1b[m\x1b[K\n'}
[3.746350] (vtol) StderrLine: {'line': b'      |                                                          \x1b[32m\x1b[KInt32\x1b[m\x1b[K\n'}
[3.746422] (vtol) StderrLine: {'line': b'\x1b[01m\x1b[K/home/adri/magang2_ws/vtol/src/publisher.cpp:20:64:\x1b[m\x1b[K \x1b[01;31m\x1b[Kerror: \x1b[m\x1b[Kno matching function for call to \xe2\x80\x98\x1b[01m\x1b[KDronePublisher::create_publisher<<expression error> >(const char [6], int)\x1b[m\x1b[K\xe2\x80\x99\n'}
[3.746491] (vtol) StderrLine: {'line': b'   20 |    publisher_ = \x1b[01;31m\x1b[Kthis->create_publisher<std_msgs::msg::int32>("topic", 10)\x1b[m\x1b[K;\n'}
[3.746556] (vtol) StderrLine: {'line': b'      |                 \x1b[01;31m\x1b[K~~~~~~~~~~~~~~~~~~~~~~~~~~~~~~~~~~~~~~~~~~~~^~~~~~~~~~~~~\x1b[m\x1b[K\n'}
[3.746627] (vtol) StderrLine: {'line': b'\n'}
[3.746697] (vtol) StderrLine: {'line': b'In file included from \x1b[01m\x1b[K/opt/ros/humble/include/rclcpp/rclcpp/executors/single_threaded_executor.hpp:28\x1b[m\x1b[K,\n'}
[3.746768] (vtol) StderrLine: {'line': b'                 from \x1b[01m\x1b[K/opt/ros/humble/include/rclcpp/rclcpp/executors.hpp:22\x1b[m\x1b[K,\n'}
[3.746837] (vtol) StderrLine: {'line': b'                 from \x1b[01m\x1b[K/opt/ros/humble/include/rclcpp/rclcpp/rclcpp.hpp:155\x1b[m\x1b[K,\n'}
[3.746905] (vtol) StderrLine: {'line': b'                 from \x1b[01m\x1b[K/home/adri/magang2_ws/vtol/src/publisher.cpp:6\x1b[m\x1b[K:\n'}
[3.746974] (vtol) StderrLine: {'line': b'\x1b[01m\x1b[K/opt/ros/humble/include/rclcpp/rclcpp/node.hpp:195:3:\x1b[m\x1b[K \x1b[01;36m\x1b[Knote: \x1b[m\x1b[Kcandidate: \xe2\x80\x98\x1b[01m\x1b[Ktemplate<class MessageT, class AllocatorT, class PublisherT> std::shared_ptr<PublisherT> rclcpp::Node::create_publisher(const string&, const rclcpp::QoS&, const rclcpp::PublisherOptionsWithAllocator<AllocatorT>&)\x1b[m\x1b[K\xe2\x80\x99\n'}
[3.747073] (vtol) StderrLine: {'line': b'  195 |   \x1b[01;36m\x1b[Kcreate_publisher\x1b[m\x1b[K(\n'}
[3.747143] (vtol) StderrLine: {'line': b'      |   \x1b[01;36m\x1b[K^~~~~~~~~~~~~~~~\x1b[m\x1b[K\n'}
[3.747210] (vtol) StderrLine: {'line': b'\x1b[01m\x1b[K/opt/ros/humble/include/rclcpp/rclcpp/node.hpp:195:3:\x1b[m\x1b[K \x1b[01;36m\x1b[Knote: \x1b[m\x1b[K  template argument deduction/substitution failed:\n'}
[3.747286] (vtol) StderrLine: {'line': b'\x1b[01m\x1b[K/home/adri/magang2_ws/vtol/src/publisher.cpp:20:64:\x1b[m\x1b[K \x1b[01;31m\x1b[Kerror: \x1b[m\x1b[Ktemplate argument 1 is invalid\n'}
[3.747362] (vtol) StderrLine: {'line': b'   20 |    publisher_ = \x1b[01;31m\x1b[Kthis->create_publisher<std_msgs::msg::int32>("topic", 10)\x1b[m\x1b[K;\n'}
[3.747435] (vtol) StderrLine: {'line': b'      |                 \x1b[01;31m\x1b[K~~~~~~~~~~~~~~~~~~~~~~~~~~~~~~~~~~~~~~~~~~~~^~~~~~~~~~~~~\x1b[m\x1b[K\n'}
[3.747504] (vtol) StderrLine: {'line': b'\n'}
[3.760428] (vtol) StderrLine: {'line': b'\x1b[01m\x1b[K/home/adri/magang2_ws/vtol/src/publisher.cpp:\x1b[m\x1b[K In member function \xe2\x80\x98\x1b[01m\x1b[Kvoid DronePublisher::timer_callback()\x1b[m\x1b[K\xe2\x80\x99:\n'}
[3.761005] (vtol) StderrLine: {'line': b'\x1b[01m\x1b[K/home/adri/magang2_ws/vtol/src/publisher.cpp:28:37:\x1b[m\x1b[K \x1b[01;31m\x1b[Kerror: \x1b[m\x1b[K\xe2\x80\x98\x1b[01m\x1b[Kint32\x1b[m\x1b[K\xe2\x80\x99 is not a member of \xe2\x80\x98\x1b[01m\x1b[Kstd_msgs::msg\x1b[m\x1b[K\xe2\x80\x99; did you mean \xe2\x80\x98\x1b[01m\x1b[KInt32\x1b[m\x1b[K\xe2\x80\x99?\n'}
[3.761105] (vtol) StderrLine: {'line': b'   28 |       auto message = std_msgs::msg::\x1b[01;31m\x1b[Kint32\x1b[m\x1b[K();\n'}
[3.761155] (vtol) StderrLine: {'line': b'      |                                     \x1b[01;31m\x1b[K^~~~~\x1b[m\x1b[K\n'}
[3.761200] (vtol) StderrLine: {'line': b'      |                                     \x1b[32m\x1b[KInt32\x1b[m\x1b[K\n'}
[3.772261] (vtol) StderrLine: {'line': b'\x1b[01m\x1b[K/home/adri/magang2_ws/vtol/src/publisher.cpp:31:7:\x1b[m\x1b[K \x1b[01;31m\x1b[Kerror: \x1b[m\x1b[K\xe2\x80\x98\x1b[01m\x1b[Kpublisher_\x1b[m\x1b[K\xe2\x80\x99 was not declared in this scope; did you mean \xe2\x80\x98\x1b[01m\x1b[Krmw_publisher_t\x1b[m\x1b[K\xe2\x80\x99?\n'}
[3.772787] (vtol) StderrLine: {'line': b'   31 |       \x1b[01;31m\x1b[Kpublisher_\x1b[m\x1b[K->publish(message);\n'}
[3.773157] (vtol) StderrLine: {'line': b'      |       \x1b[01;31m\x1b[K^~~~~~~~~~\x1b[m\x1b[K\n'}
[3.773258] (vtol) StderrLine: {'line': b'      |       \x1b[32m\x1b[Krmw_publisher_t\x1b[m\x1b[K\n'}
[3.835616] (-) TimerEvent: {}
[3.938841] (-) TimerEvent: {}
[4.040930] (-) TimerEvent: {}
[4.143188] (-) TimerEvent: {}
[4.245309] (-) TimerEvent: {}
[4.347915] (-) TimerEvent: {}
[4.450135] (-) TimerEvent: {}
[4.550865] (-) TimerEvent: {}
[4.653157] (-) TimerEvent: {}
[4.693251] (vtol) StderrLine: {'line': b'gmake[2]: *** [CMakeFiles/publisher_node.dir/build.make:76: CMakeFiles/publisher_node.dir/src/publisher.cpp.o] Error 1\n'}
[4.693706] (vtol) StderrLine: {'line': b'gmake[1]: *** [CMakeFiles/Makefile2:137: CMakeFiles/publisher_node.dir/all] Error 2\n'}
[4.694629] (vtol) StderrLine: {'line': b'gmake: *** [Makefile:146: all] Error 2\n'}
[4.699802] (vtol) CommandEnded: {'returncode': 2}
[4.717298] (vtol) JobEnded: {'identifier': 'vtol', 'rc': 2}
[4.729618] (-) EventReactorShutdown: {}
