[01m[K/home/adri/magang2_ws/src/vtol/src/suscriber.cpp:[m[K In member function â€˜[01m[Kvoid DroneSuscriber::topic_callback(const Int32&) const[m[Kâ€™:
[01m[K/home/adri/magang2_ws/src/vtol/src/suscriber.cpp:24:5:[m[K [01;31m[Kerror: [m[Kâ€˜[01m[Kevent[m[Kâ€™ was not declared in this scope
   24 |     [01;31m[Kevent[m[K++;
      |     [01;31m[K^~~~~[m[K
gmake[2]: *** [CMakeFiles/suscriber_node.dir/build.make:76: CMakeFiles/suscriber_node.dir/src/suscriber.cpp.o] Error 1
gmake[1]: *** [CMakeFiles/Makefile2:165: CMakeFiles/suscriber_node.dir/all] Error 2
gmake: *** [Makefile:146: all] Error 2
