[01m[K/home/adri/magang2_ws/src/vtol/src/suscriber.cpp:[m[K In constructor â€˜[01m[KDroneSuscriber::DroneSuscriber()[m[Kâ€™:
[01m[K/home/adri/magang2_ws/src/vtol/src/suscriber.cpp:16:5:[m[K [01;31m[Kerror: [m[Kâ€˜[01m[Kclient_[m[Kâ€™ was not declared in this scope
   16 |     [01;31m[Kclient_[m[K = this->create_client<vtol::srv::DroneLanding>("land_drone");
      |     [01;31m[K^~~~~~~[m[K
[01m[K/home/adri/magang2_ws/src/vtol/src/suscriber.cpp:16:35:[m[K [01;31m[Kerror: [m[Kâ€˜[01m[Kvtol[m[Kâ€™ was not declared in this scope; did you mean â€˜[01m[Katol[m[Kâ€™?
   16 |     client_ = this->create_client<[01;31m[Kvtol[m[K::srv::DroneLanding>("land_drone");
      |                                   [01;31m[K^~~~[m[K
      |                                   [32m[Katol[m[K
[01m[K/home/adri/magang2_ws/src/vtol/src/suscriber.cpp:16:21:[m[K [01;31m[Kerror: [m[Kparse error in template argument list
   16 |     client_ = this->[01;31m[Kcreate_client<vtol::srv::DroneLanding>[m[K("land_drone");
      |                     [01;31m[K^~~~~~~~~~~~~~~~~~~~~~~~~~~~~~~~~~~~~~[m[K
[01m[K/home/adri/magang2_ws/src/vtol/src/suscriber.cpp:16:59:[m[K [01;31m[Kerror: [m[Kno matching function for call to â€˜[01m[KDroneSuscriber::create_client<<expression error> >(const char [11])[m[Kâ€™
   16 |     client_ = [01;31m[Kthis->create_client<vtol::srv::DroneLanding>("land_drone")[m[K;
      |               [01;31m[K~~~~~~~~~~~~~~~~~~~~~~~~~~~~~~~~~~~~~~~~~~~~^~~~~~~~~~~~~~[m[K
In file included from [01m[K/opt/ros/humble/include/rclcpp/rclcpp/executors/single_threaded_executor.hpp:28[m[K,
                 from [01m[K/opt/ros/humble/include/rclcpp/rclcpp/executors.hpp:22[m[K,
                 from [01m[K/opt/ros/humble/include/rclcpp/rclcpp/rclcpp.hpp:155[m[K,
                 from [01m[K/home/adri/magang2_ws/src/vtol/src/suscriber.cpp:3[m[K:
[01m[K/opt/ros/humble/include/rclcpp/rclcpp/node.hpp:252:3:[m[K [01;36m[Knote: [m[Kcandidate: â€˜[01m[Ktemplate<class ServiceT> typename rclcpp::Client<ServiceT>::SharedPtr rclcpp::Node::create_client(const string&, const rmw_qos_profile_t&, rclcpp::CallbackGroup::SharedPtr)[m[Kâ€™
  252 |   [01;36m[Kcreate_client[m[K(
      |   [01;36m[K^~~~~~~~~~~~~[m[K
[01m[K/opt/ros/humble/include/rclcpp/rclcpp/node.hpp:252:3:[m[K [01;36m[Knote: [m[K  template argument deduction/substitution failed:
[01m[K/home/adri/magang2_ws/src/vtol/src/suscriber.cpp:16:59:[m[K [01;31m[Kerror: [m[Ktemplate argument 1 is invalid
   16 |     client_ = [01;31m[Kthis->create_client<vtol::srv::DroneLanding>("land_drone")[m[K;
      |               [01;31m[K~~~~~~~~~~~~~~~~~~~~~~~~~~~~~~~~~~~~~~~~~~~~^~~~~~~~~~~~~~[m[K
[01m[K/home/adri/magang2_ws/src/vtol/src/suscriber.cpp:[m[K In member function â€˜[01m[Kvoid DroneSuscriber::topic_callback(const Int32&)[m[Kâ€™:
[01m[K/home/adri/magang2_ws/src/vtol/src/suscriber.cpp:46:28:[m[K [01;31m[Kerror: [m[Kâ€˜[01m[Kvtol[m[Kâ€™ was not declared in this scope; did you mean â€˜[01m[Katol[m[Kâ€™?
   46 |           std::make_shared<[01;31m[Kvtol[m[K::srv::DroneLanding::Request>();
      |                            [01;31m[K^~~~[m[K
      |                            [32m[Katol[m[K
[01m[K/home/adri/magang2_ws/src/vtol/src/suscriber.cpp:46:16:[m[K [01;31m[Kerror: [m[Kparse error in template argument list
   46 |           std::[01;31m[Kmake_shared<vtol::srv::DroneLanding::Request>[m[K();
      |                [01;31m[K^~~~~~~~~~~~~~~~~~~~~~~~~~~~~~~~~~~~~~~~~~~~~[m[K
[01m[K/home/adri/magang2_ws/src/vtol/src/suscriber.cpp:46:61:[m[K [01;31m[Kerror: [m[Kno matching function for call to â€˜[01m[Kmake_shared<<expression error> >()[m[Kâ€™
   46 |           [01;31m[Kstd::make_shared<vtol::srv::DroneLanding::Request>()[m[K;
      |           [01;31m[K~~~~~~~~~~~~~~~~~~~~~~~~~~~~~~~~~~~~~~~~~~~~~~~~~~^~[m[K
In file included from [01m[K/usr/include/c++/11/memory:77[m[K,
                 from [01m[K/home/adri/magang2_ws/src/vtol/src/suscriber.cpp:1[m[K:
[01m[K/usr/include/c++/11/bits/shared_ptr.h:875:5:[m[K [01;36m[Knote: [m[Kcandidate: â€˜[01m[Ktemplate<class _Tp, class ... _Args> std::shared_ptr<_Tp> std::make_shared(_Args&& ...)[m[Kâ€™
  875 |     [01;36m[Kmake_shared[m[K(_Args&&... __args)
      |     [01;36m[K^~~~~~~~~~~[m[K
[01m[K/usr/include/c++/11/bits/shared_ptr.h:875:5:[m[K [01;36m[Knote: [m[K  template argument deduction/substitution failed:
[01m[K/home/adri/magang2_ws/src/vtol/src/suscriber.cpp:46:61:[m[K [01;31m[Kerror: [m[Ktemplate argument 1 is invalid
   46 |           [01;31m[Kstd::make_shared<vtol::srv::DroneLanding::Request>()[m[K;
      |           [01;31m[K~~~~~~~~~~~~~~~~~~~~~~~~~~~~~~~~~~~~~~~~~~~~~~~~~~^~[m[K
[01m[K/home/adri/magang2_ws/src/vtol/src/suscriber.cpp:47:15:[m[K [01;31m[Kerror: [m[Kâ€˜[01m[Kclient_[m[Kâ€™ was not declared in this scope
   47 |       while (![01;31m[Kclient_[m[K->wait_for_service(std::chrono::seconds(1)))
      |               [01;31m[K^~~~~~~[m[K
[01m[K/home/adri/magang2_ws/src/vtol/src/suscriber.cpp:51:7:[m[K [01;31m[Kerror: [m[Kâ€˜[01m[Kclient_[m[Kâ€™ was not declared in this scope
   51 |       [01;31m[Kclient_[m[K->async_send_request(request);
      |       [01;31m[K^~~~~~~[m[K
gmake[2]: *** [CMakeFiles/suscriber_node.dir/build.make:76: CMakeFiles/suscriber_node.dir/src/suscriber.cpp.o] Error 1
gmake[1]: *** [CMakeFiles/Makefile2:167: CMakeFiles/suscriber_node.dir/all] Error 2
gmake: *** [Makefile:146: all] Error 2
