[0.036s] Invoking command in '/home/adri/magang2_ws/build/vtol': CMAKE_PREFIX_PATH=${CMAKE_PREFIX_PATH}:/opt/ros/humble /usr/bin/cmake --build /home/adri/magang2_ws/build/vtol -- -j4 -l4
[0.213s] [ 33%] Built target publisher_node
[0.251s] [ 66%] [32mBuilding CXX object CMakeFiles/suscriber_node.dir/src/suscriber.cpp.o[0m
[0.251s] [ 66%] [32mBuilding CXX object CMakeFiles/service_node.dir/src/service.cpp.o[0m
[5.812s] [01m[K/home/adri/magang2_ws/src/vtol/src/suscriber.cpp:[m[K In constructor â€˜[01m[KDroneSuscriber::DroneSuscriber()[m[Kâ€™:
[5.813s] [01m[K/home/adri/magang2_ws/src/vtol/src/suscriber.cpp:16:5:[m[K [01;31m[Kerror: [m[Kâ€˜[01m[Kclient_[m[Kâ€™ was not declared in this scope
[5.813s]    16 |     [01;31m[Kclient_[m[K = this->create_client<vtol::srv::DroneLanding>("land_drone");
[5.813s]       |     [01;31m[K^~~~~~~[m[K
[5.821s] [01m[K/home/adri/magang2_ws/src/vtol/src/suscriber.cpp:16:35:[m[K [01;31m[Kerror: [m[Kâ€˜[01m[Kvtol[m[Kâ€™ was not declared in this scope; did you mean â€˜[01m[Katol[m[Kâ€™?
[5.823s]    16 |     client_ = this->create_client<[01;31m[Kvtol[m[K::srv::DroneLanding>("land_drone");
[5.824s]       |                                   [01;31m[K^~~~[m[K
[5.824s]       |                                   [32m[Katol[m[K
[5.824s] [01m[K/home/adri/magang2_ws/src/vtol/src/suscriber.cpp:16:21:[m[K [01;31m[Kerror: [m[Kparse error in template argument list
[5.825s]    16 |     client_ = this->[01;31m[Kcreate_client<vtol::srv::DroneLanding>[m[K("land_drone");
[5.825s]       |                     [01;31m[K^~~~~~~~~~~~~~~~~~~~~~~~~~~~~~~~~~~~~~[m[K
[5.825s] [01m[K/home/adri/magang2_ws/src/vtol/src/suscriber.cpp:16:59:[m[K [01;31m[Kerror: [m[Kno matching function for call to â€˜[01m[KDroneSuscriber::create_client<<expression error> >(const char [11])[m[Kâ€™
[5.825s]    16 |     client_ = [01;31m[Kthis->create_client<vtol::srv::DroneLanding>("land_drone")[m[K;
[5.825s]       |               [01;31m[K~~~~~~~~~~~~~~~~~~~~~~~~~~~~~~~~~~~~~~~~~~~~^~~~~~~~~~~~~~[m[K
[5.826s] In file included from [01m[K/opt/ros/humble/include/rclcpp/rclcpp/executors/single_threaded_executor.hpp:28[m[K,
[5.826s]                  from [01m[K/opt/ros/humble/include/rclcpp/rclcpp/executors.hpp:22[m[K,
[5.826s]                  from [01m[K/opt/ros/humble/include/rclcpp/rclcpp/rclcpp.hpp:155[m[K,
[5.826s]                  from [01m[K/home/adri/magang2_ws/src/vtol/src/suscriber.cpp:3[m[K:
[5.826s] [01m[K/opt/ros/humble/include/rclcpp/rclcpp/node.hpp:252:3:[m[K [01;36m[Knote: [m[Kcandidate: â€˜[01m[Ktemplate<class ServiceT> typename rclcpp::Client<ServiceT>::SharedPtr rclcpp::Node::create_client(const string&, const rmw_qos_profile_t&, rclcpp::CallbackGroup::SharedPtr)[m[Kâ€™
[5.826s]   252 |   [01;36m[Kcreate_client[m[K(
[5.826s]       |   [01;36m[K^~~~~~~~~~~~~[m[K
[5.826s] [01m[K/opt/ros/humble/include/rclcpp/rclcpp/node.hpp:252:3:[m[K [01;36m[Knote: [m[K  template argument deduction/substitution failed:
[5.826s] [01m[K/home/adri/magang2_ws/src/vtol/src/suscriber.cpp:16:59:[m[K [01;31m[Kerror: [m[Ktemplate argument 1 is invalid
[5.826s]    16 |     client_ = [01;31m[Kthis->create_client<vtol::srv::DroneLanding>("land_drone")[m[K;
[5.826s]       |               [01;31m[K~~~~~~~~~~~~~~~~~~~~~~~~~~~~~~~~~~~~~~~~~~~~^~~~~~~~~~~~~~[m[K
[5.836s] [01m[K/home/adri/magang2_ws/src/vtol/src/suscriber.cpp:[m[K In member function â€˜[01m[Kvoid DroneSuscriber::topic_callback(const Int32&)[m[Kâ€™:
[5.845s] [01m[K/home/adri/magang2_ws/src/vtol/src/suscriber.cpp:46:28:[m[K [01;31m[Kerror: [m[Kâ€˜[01m[Kvtol[m[Kâ€™ was not declared in this scope; did you mean â€˜[01m[Katol[m[Kâ€™?
[5.846s]    46 |           std::make_shared<[01;31m[Kvtol[m[K::srv::DroneLanding::Request>();
[5.846s]       |                            [01;31m[K^~~~[m[K
[5.846s]       |                            [32m[Katol[m[K
[5.846s] [01m[K/home/adri/magang2_ws/src/vtol/src/suscriber.cpp:46:16:[m[K [01;31m[Kerror: [m[Kparse error in template argument list
[5.846s]    46 |           std::[01;31m[Kmake_shared<vtol::srv::DroneLanding::Request>[m[K();
[5.846s]       |                [01;31m[K^~~~~~~~~~~~~~~~~~~~~~~~~~~~~~~~~~~~~~~~~~~~~[m[K
[5.846s] [01m[K/home/adri/magang2_ws/src/vtol/src/suscriber.cpp:46:61:[m[K [01;31m[Kerror: [m[Kno matching function for call to â€˜[01m[Kmake_shared<<expression error> >()[m[Kâ€™
[5.846s]    46 |           [01;31m[Kstd::make_shared<vtol::srv::DroneLanding::Request>()[m[K;
[5.846s]       |           [01;31m[K~~~~~~~~~~~~~~~~~~~~~~~~~~~~~~~~~~~~~~~~~~~~~~~~~~^~[m[K
[5.857s] In file included from [01m[K/usr/include/c++/11/memory:77[m[K,
[5.860s]                  from [01m[K/home/adri/magang2_ws/src/vtol/src/suscriber.cpp:1[m[K:
[5.860s] [01m[K/usr/include/c++/11/bits/shared_ptr.h:875:5:[m[K [01;36m[Knote: [m[Kcandidate: â€˜[01m[Ktemplate<class _Tp, class ... _Args> std::shared_ptr<_Tp> std::make_shared(_Args&& ...)[m[Kâ€™
[5.861s]   875 |     [01;36m[Kmake_shared[m[K(_Args&&... __args)
[5.861s]       |     [01;36m[K^~~~~~~~~~~[m[K
[5.861s] [01m[K/usr/include/c++/11/bits/shared_ptr.h:875:5:[m[K [01;36m[Knote: [m[K  template argument deduction/substitution failed:
[5.861s] [01m[K/home/adri/magang2_ws/src/vtol/src/suscriber.cpp:46:61:[m[K [01;31m[Kerror: [m[Ktemplate argument 1 is invalid
[5.861s]    46 |           [01;31m[Kstd::make_shared<vtol::srv::DroneLanding::Request>()[m[K;
[5.862s]       |           [01;31m[K~~~~~~~~~~~~~~~~~~~~~~~~~~~~~~~~~~~~~~~~~~~~~~~~~~^~[m[K
[5.869s] [01m[K/home/adri/magang2_ws/src/vtol/src/suscriber.cpp:47:15:[m[K [01;31m[Kerror: [m[Kâ€˜[01m[Kclient_[m[Kâ€™ was not declared in this scope
[5.870s]    47 |       while (![01;31m[Kclient_[m[K->wait_for_service(std::chrono::seconds(1)))
[5.870s]       |               [01;31m[K^~~~~~~[m[K
[5.881s] [01m[K/home/adri/magang2_ws/src/vtol/src/suscriber.cpp:51:7:[m[K [01;31m[Kerror: [m[Kâ€˜[01m[Kclient_[m[Kâ€™ was not declared in this scope
[5.881s]    51 |       [01;31m[Kclient_[m[K->async_send_request(request);
[5.881s]       |       [01;31m[K^~~~~~~[m[K
[8.009s] [ 83%] [32m[1mLinking CXX executable service_node[0m
[8.398s] [ 83%] Built target service_node
[10.398s] gmake[2]: *** [CMakeFiles/suscriber_node.dir/build.make:76: CMakeFiles/suscriber_node.dir/src/suscriber.cpp.o] Error 1
[10.398s] gmake[1]: *** [CMakeFiles/Makefile2:167: CMakeFiles/suscriber_node.dir/all] Error 2
[10.398s] gmake: *** [Makefile:146: all] Error 2
[10.404s] Invoked command in '/home/adri/magang2_ws/build/vtol' returned '2': CMAKE_PREFIX_PATH=${CMAKE_PREFIX_PATH}:/opt/ros/humble /usr/bin/cmake --build /home/adri/magang2_ws/build/vtol -- -j4 -l4
